Content-Type: multipart/alternative;
 boundary="===============4948223474456209039=="
MIME-Version: 1.0
Subject: Password reset on 127.0.0.1:8000
From: webmaster@localhost
To: NewUser@cgs.com
Date: Mon, 26 Jun 2023 12:52:32 -0000
Message-ID: <168778395284.60697.7891154060696532799@olva>

--===============4948223474456209039==
Content-Type: text/plain; charset="utf-8"
MIME-Version: 1.0
Content-Transfer-Encoding: 8bit


You're receiving this email because you requested a password reset for your user account at 127.0.0.1:8000.

Please go to the following page and choose a new password:

http://127.0.0.1:8000/compte/mot-de-passe-oublie/modification/NQ/bqejrk-b4c8cab268a440981b1eade16234d441/

Your username, in case you’ve forgotten: NewUserTest

Thanks for using our site!

The 127.0.0.1:8000 team



--===============4948223474456209039==
Content-Type: text/html; charset="utf-8"
MIME-Version: 1.0
Content-Transfer-Encoding: 8bit


2	You're receiving this email because you requested a password reset for your user account at 127.0.0.1:8000.
3	
4	Please go to the following page and choose a new password:
5	
6	http://127.0.0.1:8000/compte/mot-de-passe-oublie/modification/NQ/bqejrk-b4c8cab268a440981b1eade16234d441/
7	
8	Your username, in case you’ve forgotten: NewUserTest
9	
10	Thanks for using our site!
11	
12	The 127.0.0.1:8000 team
13	
14	
--===============4948223474456209039==--

-------------------------------------------------------------------------------
