Content-Type: multipart/alternative;
 boundary="===============6427612279871827951=="
MIME-Version: 1.0
Subject: Password reset on 127.0.0.1:8000
From: webmaster@localhost
To: NewUser@cgs.com
Date: Mon, 26 Jun 2023 12:31:36 -0000
Message-ID: <168778269699.60066.9248886184483172132@olva>

--===============6427612279871827951==
Content-Type: text/plain; charset="utf-8"
MIME-Version: 1.0
Content-Transfer-Encoding: 8bit


You're receiving this email because you requested a password reset for your user account at 127.0.0.1:8000.

Please go to the following page and choose a new password:

http://127.0.0.1:8000/compte/mot-de-passe-oublie/modification/NQ/bqeiso-1db0fb1404239960a9fb58eb822521c1/

Your username, in case you’ve forgotten: NewUserTest

Thanks for using our site!

The 127.0.0.1:8000 team



--===============6427612279871827951==
Content-Type: text/html; charset="utf-8"
MIME-Version: 1.0
Content-Transfer-Encoding: 8bit


2	You're receiving this email because you requested a password reset for your user account at 127.0.0.1:8000.
3	
4	Please go to the following page and choose a new password:
5	
6	http://127.0.0.1:8000/compte/mot-de-passe-oublie/modification/NQ/bqeiso-1db0fb1404239960a9fb58eb822521c1/
7	
8	Your username, in case you’ve forgotten: NewUserTest
9	
10	Thanks for using our site!
11	
12	The 127.0.0.1:8000 team
13	
14	
--===============6427612279871827951==--

-------------------------------------------------------------------------------
