Content-Type: multipart/alternative;
 boundary="===============1286307943368884147=="
MIME-Version: 1.0
Subject: Password reset on 127.0.0.1:8000
From: webmaster@localhost
To: Hello@cgs.com
Date: Tue, 27 Jun 2023 08:32:09 -0000
Message-ID: <168785472989.69409.323787175785943684@olva>

--===============1286307943368884147==
Content-Type: text/plain; charset="utf-8"
MIME-Version: 1.0
Content-Transfer-Encoding: 8bit


You're receiving this email because you requested a password reset for your user account at 127.0.0.1:8000.

Please go to the following page and choose a new password:

http://127.0.0.1:8000/studios/reset/NA/bqg2dl-057e23c01899b7325eaf82f578c3c2ea/

Your username, in case you’ve forgotten: Hello

Thanks for using our site!

The 127.0.0.1:8000 team



--===============1286307943368884147==
Content-Type: text/html; charset="utf-8"
MIME-Version: 1.0
Content-Transfer-Encoding: 8bit


2	You're receiving this email because you requested a password reset for your user account at 127.0.0.1:8000.
3	
4	Please go to the following page and choose a new password:
5	
6	http://127.0.0.1:8000/studios/reset/NA/bqg2dl-057e23c01899b7325eaf82f578c3c2ea/
7	
8	Your username, in case you’ve forgotten: Hello
9	
10	Thanks for using our site!
11	
12	The 127.0.0.1:8000 team
13	
14	
--===============1286307943368884147==--

-------------------------------------------------------------------------------
