Content-Type: multipart/alternative;
 boundary="===============8148765077531009658=="
MIME-Version: 1.0
Subject: Password reset on 127.0.0.1:8000
From: webmaster@localhost
To: Hello@cgs.com
Date: Tue, 27 Jun 2023 08:30:42 -0000
Message-ID: <168785464242.69264.10468773916848613961@olva>

--===============8148765077531009658==
Content-Type: text/plain; charset="utf-8"
MIME-Version: 1.0
Content-Transfer-Encoding: 8bit


You're receiving this email because you requested a password reset for your user account at 127.0.0.1:8000.

Please go to the following page and choose a new password:

http://127.0.0.1:8000/studios/reset/NA/bqg2b6-eb65ee0f42f2b25f3cdc3a51f811c5e3/

Your username, in case you’ve forgotten: Hello

Thanks for using our site!

The 127.0.0.1:8000 team



--===============8148765077531009658==
Content-Type: text/html; charset="utf-8"
MIME-Version: 1.0
Content-Transfer-Encoding: 8bit


2	You're receiving this email because you requested a password reset for your user account at 127.0.0.1:8000.
3	
4	Please go to the following page and choose a new password:
5	
6	http://127.0.0.1:8000/studios/reset/NA/bqg2b6-eb65ee0f42f2b25f3cdc3a51f811c5e3/
7	
8	Your username, in case you’ve forgotten: Hello
9	
10	Thanks for using our site!
11	
12	The 127.0.0.1:8000 team
13	
14	
--===============8148765077531009658==--

-------------------------------------------------------------------------------
