Content-Type: text/plain; charset="utf-8"
MIME-Version: 1.0
Content-Transfer-Encoding: 8bit
Subject: Password reset on 127.0.0.1:8000
From: webmaster@localhost
To: azerty@cgs.com
Date: Thu, 06 Jul 2023 13:20:24 -0000
Message-ID: <168864962482.32460.4833713125225719846@olva.local>


2	You're receiving this email because you requested a password reset for your user account at 127.0.0.1:8000.
3	
4	Please go to the following page and choose a new password:
5	
6	http://127.0.0.1:8000/compte/mot-de-passe-oublie/modification/MjE/bqx9a0-dd1a99eb0e38bd58fbbac1dcc9dcd0d4/
7	
8	Your username, in case you’ve forgotten: azerty
9	
10	Thanks for using our site!
11	
12	The 127.0.0.1:8000 team
13	
14	
-------------------------------------------------------------------------------
