Content-Type: multipart/alternative;
 boundary="===============3933017371269496611=="
MIME-Version: 1.0
Subject: Password reset on 127.0.0.1:8000
From: webmaster@localhost
To: NewUser@cgs.com
Date: Tue, 04 Jul 2023 06:42:16 -0000
Message-ID: 
 <168845293686.5779.250341424529920166@1.0.0.0.0.0.0.0.0.0.0.0.0.0.0.0.0.0.0.0.0.0.0.0.0.0.0.0.0.0.0.0.ip6.arpa>

--===============3933017371269496611==
Content-Type: text/plain; charset="utf-8"
MIME-Version: 1.0
Content-Transfer-Encoding: 8bit


You're receiving this email because you requested a password reset for your user account at 127.0.0.1:8000.

Please go to the following page and choose a new password:

http://127.0.0.1:8000/compte/mot-de-passe-oublie/modification/Mg/bqt1ig-bb25bf2fa17e25f4ab3c0d4e2c990d8c/

Your username, in case you’ve forgotten: NewUser

Thanks for using our site!

The 127.0.0.1:8000 team



--===============3933017371269496611==
Content-Type: text/html; charset="utf-8"
MIME-Version: 1.0
Content-Transfer-Encoding: 8bit


2	You're receiving this email because you requested a password reset for your user account at 127.0.0.1:8000.
3	
4	Please go to the following page and choose a new password:
5	
6	http://127.0.0.1:8000/compte/mot-de-passe-oublie/modification/Mg/bqt1ig-bb25bf2fa17e25f4ab3c0d4e2c990d8c/
7	
8	Your username, in case you’ve forgotten: NewUser
9	
10	Thanks for using our site!
11	
12	The 127.0.0.1:8000 team
13	
14	
--===============3933017371269496611==--

-------------------------------------------------------------------------------
