Content-Type: text/plain; charset="utf-8"
MIME-Version: 1.0
Content-Transfer-Encoding: 8bit
Subject: Password reset on 127.0.0.1:8000
From: webmaster@localhost
To: NewUser@cgs.com
Date: Tue, 04 Jul 2023 07:25:43 -0000
Message-ID: 
 <168845554338.7292.2591733321960513063@1.0.0.0.0.0.0.0.0.0.0.0.0.0.0.0.0.0.0.0.0.0.0.0.0.0.0.0.0.0.0.0.ip6.arpa>


2	You're receiving this email because you requested a password reset for your user account at 127.0.0.1:8000.
3	
4	Please go to the following page and choose a new password:
5	
6	http://127.0.0.1:8000/compte/mot-de-passe-oublie/modification/Mg/bqt3iv-43b05922130956696fa0420f14c2b5f6/
7	
8	Your username, in case you’ve forgotten: NewUser
9	
10	Thanks for using our site!
11	
12	The 127.0.0.1:8000 team
13	
14	
-------------------------------------------------------------------------------
