Content-Type: multipart/alternative;
 boundary="===============0301818449722263869=="
MIME-Version: 1.0
Subject: Password reset on 127.0.0.1:8000
From: webmaster@localhost
To: NewUser@cgs.com
Date: Tue, 04 Jul 2023 07:02:50 -0000
Message-ID: 
 <168845417055.6801.10859613086399917476@1.0.0.0.0.0.0.0.0.0.0.0.0.0.0.0.0.0.0.0.0.0.0.0.0.0.0.0.0.0.0.0.ip6.arpa>

--===============0301818449722263869==
Content-Type: text/plain; charset="utf-8"
MIME-Version: 1.0
Content-Transfer-Encoding: 8bit


You're receiving this email because you requested a password reset for your user account at 127.0.0.1:8000.

Please go to the following page and choose a new password:

http://127.0.0.1:8000/compte/mot-de-passe-oublie/modification/Mg/bqt2gq-5bcfc5e2a186c6a9f0383d3ba91f29e8/

Your username, in case you’ve forgotten: NewUser

Thanks for using our site!

The 127.0.0.1:8000 team



--===============0301818449722263869==
Content-Type: text/html; charset="utf-8"
MIME-Version: 1.0
Content-Transfer-Encoding: 7bit

/compte/mot-de-passe-oublie/modification/Mg/bqt2gq-5bcfc5e2a186c6a9f0383d3ba91f29e8/
--===============0301818449722263869==--

-------------------------------------------------------------------------------
