Content-Type: multipart/alternative;
 boundary="===============1361751014227960625=="
MIME-Version: 1.0
Subject: Password reset on 127.0.0.1:8000
From: webmaster@localhost
To: NewUser@cgs.com
Date: Mon, 26 Jun 2023 12:42:00 -0000
Message-ID: <168778332035.60191.665637080415855446@olva>

--===============1361751014227960625==
Content-Type: text/plain; charset="utf-8"
MIME-Version: 1.0
Content-Transfer-Encoding: 8bit


You're receiving this email because you requested a password reset for your user account at 127.0.0.1:8000.

Please go to the following page and choose a new password:

http://127.0.0.1:8000/compte/mot-de-passe-oublie/modification/NQ/bqeja0-089652f14d21efbb8674a687880ca52e/

Your username, in case you’ve forgotten: NewUserTest

Thanks for using our site!

The 127.0.0.1:8000 team



--===============1361751014227960625==
Content-Type: text/html; charset="utf-8"
MIME-Version: 1.0
Content-Transfer-Encoding: 8bit


2	You're receiving this email because you requested a password reset for your user account at 127.0.0.1:8000.
3	
4	Please go to the following page and choose a new password:
5	
6	http://127.0.0.1:8000/compte/mot-de-passe-oublie/modification/NQ/bqeja0-089652f14d21efbb8674a687880ca52e/
7	
8	Your username, in case you’ve forgotten: NewUserTest
9	
10	Thanks for using our site! Test
11	
12	The 127.0.0.1:8000 team
13	
14	
--===============1361751014227960625==--

-------------------------------------------------------------------------------
