Content-Type: text/plain; charset="utf-8"
MIME-Version: 1.0
Content-Transfer-Encoding: 8bit
Subject: Password reset on 127.0.0.1:8000
From: webmaster@localhost
To: Test@cgs.com
Date: Wed, 12 Jul 2023 09:01:58 -0000
Message-ID: 
 <168915251812.80400.10735354852327767393@1.0.0.0.0.0.0.0.0.0.0.0.0.0.0.0.0.0.0.0.0.0.0.0.0.0.0.0.0.0.0.0.ip6.arpa>


2	You're receiving this email because you requested a password reset for your user account at 127.0.0.1:8000.
3	
4	Please go to the following page and choose a new password:
5	
6	http://127.0.0.1:8000/compte/mot-de-passe-oublie/modification/MTE/br81ba-92b5b8a59e7fd0e10e8cdd992fa0d2ea/
7	
8	Your username, in case you’ve forgotten: Test
9	
10	Thanks for using our site!
11	
12	The 127.0.0.1:8000 team
13	
14	
-------------------------------------------------------------------------------
