Content-Type: multipart/alternative;
 boundary="===============4171715056041611029=="
MIME-Version: 1.0
Subject: Password reset on 127.0.0.1:8000
From: webmaster@localhost
To: a@cgs.com
Date: Mon, 26 Jun 2023 12:32:07 -0000
Message-ID: <168778272766.60066.2238054868745405961@olva>

--===============4171715056041611029==
Content-Type: text/plain; charset="utf-8"
MIME-Version: 1.0
Content-Transfer-Encoding: 8bit


You're receiving this email because you requested a password reset for your user account at 127.0.0.1:8000.

Please go to the following page and choose a new password:

http://127.0.0.1:8000/compte/mot-de-passe-oublie/modification/NA/bqeitj-fac0685ffa835c6914ca6eb14ff7fe8c/

Your username, in case you’ve forgotten: a

Thanks for using our site!

The 127.0.0.1:8000 team



--===============4171715056041611029==
Content-Type: text/html; charset="utf-8"
MIME-Version: 1.0
Content-Transfer-Encoding: 8bit


2	You're receiving this email because you requested a password reset for your user account at 127.0.0.1:8000.
3	
4	Please go to the following page and choose a new password:
5	
6	http://127.0.0.1:8000/compte/mot-de-passe-oublie/modification/NA/bqeitj-fac0685ffa835c6914ca6eb14ff7fe8c/
7	
8	Your username, in case you’ve forgotten: a
9	
10	Thanks for using our site!
11	
12	The 127.0.0.1:8000 team
13	
14	
--===============4171715056041611029==--

-------------------------------------------------------------------------------
